This is pdfTeX, Version 3.14159265-2.6-1.40.16 (TeX Live 2015) (preloaded format=pdflatex 2016.3.19)  19 MAR 2016 17:59
entering extended mode
 restricted \write18 enabled.
 file:line:error style messages enabled.
 %&-line parsing enabled.
**modelo_utfpr.tex
(./modelo_utfpr.tex
LaTeX2e <2015/01/01>
Babel <3.9l> and hyphenation patterns for 21 languages loaded.
(./normas-utf-tex.cls (./cvs-id.def)
Document Class: normas-utf-tex 2011/06/19 v2.0
(/usr/local/texlive/2015basic/texmf-dist/tex/latex/base/ifthen.sty
Package: ifthen 2014/09/29 v1.1c Standard LaTeX ifthen package (DPC)
)

! LaTeX Error: File `lastpage.sty' not found.

Type X to quit or <RETURN> to proceed,
or enter new name. (Default extension: sty)

Enter file name: 
./normas-utf-tex.cls:34: Emergency stop.
<read *> 
         
l.34 \RequirePackage
                    {perpage}^^M
End of file on the terminal!

 
Here is how much of TeX's memory you used:
 80 strings out of 494501
 1000 string characters out of 6167030
 47865 words of memory out of 5000000
 3449 multiletter control sequences out of 15000+600000
 3640 words of font info for 14 fonts, out of 8000000 for 9000
 319 hyphenation exceptions out of 8191
 19i,0n,12p,150b,8s stack positions out of 5000i,500n,10000p,200000b,80000s
./normas-utf-tex.cls:34:  ==> Fatal error occurred, no output PDF file produced
!
